su: ignoring --preserve-environment, it's mutually exclusive with --login

Listening on http://127.0.0.1:39185

Attaching package: ‘shinydashboard’

The following object is masked from ‘package:graphics’:

    box


Attaching package: ‘DT’

The following objects are masked from ‘package:shiny’:

    dataTableOutput, renderDataTable


Attaching package: ‘lubridate’

The following objects are masked from ‘package:data.table’:

    hour, isoweek, mday, minute, month, quarter, second, wday, week,
    yday, year

The following objects are masked from ‘package:base’:

    date, intersect, setdiff, union


Attaching package: ‘zoo’

The following objects are masked from ‘package:base’:

    as.Date, as.Date.numeric

Loading required package: ggplot2

Attaching package: ‘plotly’

The following object is masked from ‘package:ggplot2’:

    last_plot

The following object is masked from ‘package:stats’:

    filter

The following object is masked from ‘package:graphics’:

    layout

Warning in eval(jsub, SDenv, parent.frame()) :
  NAs introduced by coercion
Warning in ..stacktraceon..({ : NAs introduced by coercion
Warning in ..stacktraceon..({ : NAs introduced by coercion
Warning in ..stacktraceon..({ : NAs introduced by coercion
Warning in eval(jsub, SDenv, parent.frame()) :
  NAs introduced by coercion
Warning in ..stacktraceon..({ : NAs introduced by coercion
Warning in ..stacktraceon..({ : NAs introduced by coercion
Warning in ..stacktraceon..({ : NAs introduced by coercion
Terminated

